<?xml version="1.0" encoding="UTF-8"?>
<!-- Generated by org.testng.reporters.JUnitXMLReporter -->
<testsuite hostname="TUTUCOMP2" ignored="0" name="Free Crm App Test Cases" tests="12" failures="0" timestamp="23 Nov 2018 11:16:56 GMT" time="267.11" errors="0">
  <testcase name="loginPageTitleTest" time="0.057" classname="com.crm.qa.testcases.LoginPageTest"/>
  <testcase name="verifyHomePageTitleTest" time="0.047" classname="com.crm.qa.testcases.HomePageTest"/>
  <testcase name="verifyContactsPageLabel" time="0.038" classname="com.crm.qa.testcases.ContactsPageTest"/>
  <testcase name="crmLogoImageTest" time="0.05" classname="com.crm.qa.testcases.LoginPageTest"/>
  <testcase name="verifyUserNameTest" time="0.076" classname="com.crm.qa.testcases.HomePageTest"/>
  <testcase name="selectSingleContactsTest" time="0.136" classname="com.crm.qa.testcases.ContactsPageTest"/>
  <testcase name="loginTest" time="6.669" classname="com.crm.qa.testcases.LoginPageTest"/>
  <testcase name="verifyContactsLinkTest" time="1.672" classname="com.crm.qa.testcases.HomePageTest"/>
  <testcase name="selectMultipleContacts" time="0.244" classname="com.crm.qa.testcases.ContactsPageTest"/>
  <testcase name="validateCreateNewContact" time="5.613" classname="com.crm.qa.testcases.ContactsPageTest"/>
  <testcase name="validateCreateNewContact" time="4.762" classname="com.crm.qa.testcases.ContactsPageTest"/>
  <testcase name="validateCreateNewContact" time="7.729" classname="com.crm.qa.testcases.ContactsPageTest"/>
</testsuite> <!-- Free Crm App Test Cases -->
