<?xml version="1.0" encoding="UTF-8"?>
<!-- Generated by org.testng.reporters.JUnitXMLReporter -->
<testsuite hostname="TUTUCOMP2" ignored="0" name="Default test" tests="3" failures="0" timestamp="20 Nov 2018 11:58:35 GMT" time="45.801" errors="0">
  <testcase name="loginPageTitleTest" time="0.025" classname="com.crm.qa.testcases.LoginPageTest"/>
  <testcase name="crmLogoImageTest" time="0.063" classname="com.crm.qa.testcases.LoginPageTest"/>
  <testcase name="loginTest" time="6.779" classname="com.crm.qa.testcases.LoginPageTest"/>
</testsuite> <!-- Default test -->
