<?xml version="1.0" encoding="UTF-8"?>
<!-- Generated by org.testng.reporters.JUnitXMLReporter -->
<testsuite hostname="TUTUCOMP2" ignored="0" name="Command line test" tests="3" failures="0" timestamp="23 Nov 2018 11:37:49 GMT" time="54.473" errors="0">
  <testcase name="verifyContactsPageLabel" time="0.036" classname="com.crm.qa.testcases.ContactsPageTest"/>
  <testcase name="verifyHomePageTitleTest" time="0.008" classname="com.crm.qa.testcases.HomePageTest"/>
  <testcase name="loginPageTitleTest" time="0.017" classname="com.crm.qa.testcases.LoginPageTest"/>
</testsuite> <!-- Command line test -->
